Exception 'ErrorException' with message 'stream_select(): unable to select [4]: Interrupted system call (max_fd=3)'

in /var/www/html/vendor/php-amqplib/php-amqplib/PhpAmqpLib/Wire/IO/StreamIO.php:461

Stack trace:
#0 /var/www/html/vendor/php-amqplib/php-amqplib/PhpAmqpLib/Wire/IO/StreamIO.php(462): PhpAmqpLib\Wire\IO\StreamIO->cleanup_error_handler()
#1 /var/www/html/vendor/php-amqplib/php-amqplib/PhpAmqpLib/Wire/IO/StreamIO.php(244): PhpAmqpLib\Wire\IO\StreamIO->select(3, 0)
#2 /var/www/html/vendor/php-amqplib/php-amqplib/PhpAmqpLib/Wire/AMQPReader.php(151): PhpAmqpLib\Wire\IO\StreamIO->read(7)
#3 /var/www/html/vendor/php-amqplib/php-amqplib/PhpAmqpLib/Wire/AMQPReader.php(106): PhpAmqpLib\Wire\AMQPReader->rawread(7)
#4 /var/www/html/vendor/php-amqplib/php-amqplib/PhpAmqpLib/Connection/AbstractConnection.php(530): PhpAmqpLib\Wire\AMQPReader->read(7)
#5 /var/www/html/vendor/php-amqplib/php-amqplib/PhpAmqpLib/Connection/AbstractConnection.php(578): PhpAmqpLib\Connection\AbstractConnection->wait_frame(0)
#6 /var/www/html/vendor/php-amqplib/php-amqplib/PhpAmqpLib/Channel/AbstractChannel.php(227): PhpAmqpLib\Connection\AbstractConnection->wait_channel(1, 0)
#7 /var/www/html/vendor/php-amqplib/php-amqplib/PhpAmqpLib/Channel/AbstractChannel.php(338): PhpAmqpLib\Channel\AbstractChannel->next_frame(0)
#8 /var/www/html/console/controllers/AppController.php(445): PhpAmqpLib\Channel\AbstractChannel->wait()
#9 [internal function]: console\controllers\AppController->actionSetredis()
#10 /var/www/html/vendor/yiisoft/yii2/base/InlineAction.php(57): call_user_func_array(Array, Array)
#11 /var/www/html/vendor/yiisoft/yii2/base/Controller.php(178): yii\base\InlineAction->runWithParams(Array)
#12 /var/www/html/vendor/yiisoft/yii2/console/Controller.php(180): yii\base\Controller->runAction('setredis', Array)
#13 /var/www/html/vendor/yiisoft/yii2/base/Module.php(552): yii\console\Controller->runAction('setredis', Array)
#14 /var/www/html/vendor/yiisoft/yii2/console/Application.php(180): yii\base\Module->runAction('app/setredis', Array)
#15 /var/www/html/vendor/yiisoft/yii2/console/Application.php(147): yii\console\Application->runAction('app/setredis', Array)
#16 /var/www/html/vendor/yiisoft/yii2/base/Application.php(384): yii\console\Application->handleRequest(Object(yii\console\Request))
#17 /var/www/html/console/yii(26): yii\base\Application->run()
#18 {main}
