
03/11/2022 01:53:20 [Exception] Class api\modules\cms\models\elasticsearch\ElasticArticle - Message:{"error":{"root_cause":[{"type":"mapper_parsing_exception","reason":"No handler for type [string] declared on field [path]"}],"type":"mapper_parsing_exception","reason":"Failed to parse mapping [_doc]: No handler for type [string] declared on field [path]","caused_by":{"type":"mapper_parsing_exception","reason":"No handler for type [string] declared on field [path]"}},"status":400} - Line: 591 - File: /var/www/html/vendor/elasticsearch/elasticsearch/src/Elasticsearch/Connections/Connection.php
Stack trace: #0 /var/www/html/vendor/elasticsearch/elasticsearch/src/Elasticsearch/Connections/Connection.php(298): Elasticsearch\Connections\Connection->process4xxError(Array, Array, Array)
#1 /var/www/html/vendor/react/promise/src/FulfilledPromise.php(28): Elasticsearch\Connections\Connection->Elasticsearch\Connections\{closure}(Array)
#2 /var/www/html/vendor/guzzlehttp/ringphp/src/Future/CompletedFutureValue.php(55): React\Promise\FulfilledPromise->then(Object(Closure), NULL, NULL)
#3 /var/www/html/vendor/guzzlehttp/ringphp/src/Core.php(341): GuzzleHttp\Ring\Future\CompletedFutureValue->then(Object(Closure), NULL, NULL)
#4 /var/www/html/vendor/elasticsearch/elasticsearch/src/Elasticsearch/Connections/Connection.php(310): GuzzleHttp\Ring\Core::proxy(Object(GuzzleHttp\Ring\Future\CompletedFutureArray), Object(Closure))
#5 /var/www/html/vendor/elasticsearch/elasticsearch/src/Elasticsearch/Connections/Connection.php(211): Elasticsearch\Connections\Connection->Elasticsearch\Connections\{closure}(Array, Object(Elasticsearch\Connections\Connection), Object(Elasticsearch\Transport), Array)
#6 /var/www/html/vendor/elasticsearch/elasticsearch/src/Elasticsearch/Transport.php(105): Elasticsearch\Connections\Connection->performRequest('PUT', '/elastic-articl...', Array, '{"mappings":{"_...', Array, Object(Elasticsearch\Transport))
#7 /var/www/html/vendor/elasticsearch/elasticsearch/src/Elasticsearch/Namespaces/AbstractNamespace.php(58): Elasticsearch\Transport->performRequest('PUT', '/elastic-articl...', Array, Array, Array)
#8 /var/www/html/vendor/elasticsearch/elasticsearch/src/Elasticsearch/Namespaces/IndicesNamespace.php(713): Elasticsearch\Namespaces\AbstractNamespace->performRequest(Object(Elasticsearch\Endpoints\Indices\Create))
#9 /var/www/html/common/components/elasticsearch/AbstractElasticsearch.php(135): Elasticsearch\Namespaces\IndicesNamespace->create(Array)
#10 /var/www/html/common/components/elasticsearch/AbstractElasticsearch.php(53): common\components\elasticsearch\AbstractElasticsearch->mapping()
#11 /var/www/html/api/modules/cms/models/elasticsearch/ElasticArticle.php(13): common\components\elasticsearch\AbstractElasticsearch->__construct('docker_elastics...')
#12 /var/www/html/api/modules/cms/helpers/ArticleHelper.php(17): api\modules\cms\models\elasticsearch\ElasticArticle->__construct()
#13 /var/www/html/console/controllers/CmsController.php(69): api\modules\cms\helpers\ArticleHelper::createElasticArt(12)
#14 [internal function]: console\controllers\CmsController->console\controllers\{closure}(Object(PhpAmqpLib\Message\AMQPMessage))
#15 /var/www/html/vendor/php-amqplib/php-amqplib/PhpAmqpLib/Channel/AMQPChannel.php(997): call_user_func(Object(Closure), Object(PhpAmqpLib\Message\AMQPMessage))
#16 [internal function]: PhpAmqpLib\Channel\AMQPChannel->basic_deliver(Object(PhpAmqpLib\Wire\AMQPReader), Object(PhpAmqpLib\Message\AMQPMessage))
#17 /var/www/html/vendor/php-amqplib/php-amqplib/PhpAmqpLib/Channel/AbstractChannel.php(212): call_user_func(Array, Object(PhpAmqpLib\Wire\AMQPReader), Object(PhpAmqpLib\Message\AMQPMessage))
#18 /var/www/html/vendor/php-amqplib/php-amqplib/PhpAmqpLib/Channel/AbstractChannel.php(351): PhpAmqpLib\Channel\AbstractChannel->dispatch('60,60', '\x1Famq.ctag-s_AIT...', Object(PhpAmqpLib\Message\AMQPMessage))
#19 /var/www/html/console/controllers/CmsController.php(77): PhpAmqpLib\Channel\AbstractChannel->wait()
#20 [internal function]: console\controllers\CmsController->actionCreateElasticArticle()
#21 /var/www/html/vendor/yiisoft/yii2/base/InlineAction.php(57): call_user_func_array(Array, Array)
#22 /var/www/html/vendor/yiisoft/yii2/base/Controller.php(178): yii\base\InlineAction->runWithParams(Array)
#23 /var/www/html/vendor/yiisoft/yii2/console/Controller.php(180): yii\base\Controller->runAction('create-elastic-...', Array)
#24 /var/www/html/vendor/yiisoft/yii2/base/Module.php(552): yii\console\Controller->runAction('create-elastic-...', Array)
#25 /var/www/html/vendor/yiisoft/yii2/console/Application.php(180): yii\base\Module->runAction('cms/create-elas...', Array)
#26 /var/www/html/vendor/yiisoft/yii2/console/Application.php(147): yii\console\Application->runAction('cms/create-elas...', Array)
#27 /var/www/html/vendor/yiisoft/yii2/base/Application.php(384): yii\console\Application->handleRequest(Object(yii\console\Request))
#28 /var/www/html/console/yii(26): yii\base\Application->run()
#29 {main}

