2022/09/23 01:52:59 [error] 30#30: *8 FastCGI sent in stderr: "PHP message: An Error occurred while handling another error:
yii\web\HeadersAlreadySentException: Headers already sent in /var/www/html/backend/modules/hello/actions/VinguAction.php on line 49. in /var/www/html/vendor/yiisoft/yii2/web/Response.php:368
Stack trace:
#0 /var/www/html/vendor/yiisoft/yii2/web/Response.php(341): yii\web\Response->sendHeaders()
#1 /var/www/html/vendor/yiisoft/yii2/web/ErrorHandler.php(136): yii\web\Response->send()
#2 /var/www/html/vendor/yiisoft/yii2/base/ErrorHandler.php(152): yii\web\ErrorHandler->renderException(Object(yii\web\HeadersAlreadySentException))
#3 [internal function]: yii\base\ErrorHandler->handleException(Object(yii\web\HeadersAlreadySentException))
#4 {main}
Previous exception:
yii\web\HeadersAlreadySentException: Headers already sent in /var/www/html/backend/modules/hello/actions/VinguAction.php on line 49. in /var/www/html/vendor/yiisoft/yii2/web/Response.php:368
Stack trace:
#0 /var/www/html/vendor/yiisoft/yii2/web/Response.php(341): yii\web\Response->sendHeaders()
#1 /var/www/html/vendor/yiisoft/yii2/base/Application.php(390): yii\web\Response->send()
#2 /var/www/html/backend/web/index.php(23): yii\base\Application->run()
#3 {main}
$_SERVER = [
    'HOSTNAME' => 'a859eb63f133',
    'PHP_INI_DIR' => '/usr/local/etc/php',
    'HOME' => '/var/www',
    'PHP_LDFLAGS' => '-Wl,-O1 -pie',
    'PHP_CFLAGS' => '-fstack-protector-strong -fpic -fpie -O2 -D_LARGEFILE_SOURCE -D_FILE_OFFSET_BITS=64',
    'PHP_VERSION' => '7.3.33',
    'GPG_KEYS' => 'CBAF69F173A0FEA4B537F470D66C9593118BCCB6 F38252826ACD957EF380D39F2F7956BC5DA04B5D',
    'PHP_CPPFLAGS' => '-fstack-protector-strong -fpic -fpie -O2 -D_LARGEFILE_SOURCE -D_FILE_OFFSET_BITS=64',
    'PHP_ASC_URL' => 'https://www.php.net/distributions/php-7.3.33.tar.xz.asc',
    'PHP_URL' => 'https://www.php.net/distributions/php-7.3.33.tar.xz',
    'PATH' => '/usr/local/sbin:/usr/local/bin:/usr/sbin:/usr/bin:/sbin:/bin',
    'PHPIZE_DEPS' => 'autoconf 		dpkg-dev 		file 		g
2022/09/23 01:52:59 [error] 30#30: *8 FastCGI sent in stderr: "yz%22%3B%7D; PHPSESSID=45964c5c06b9fc141d77bed004c6c4a8',
    'HTTP_ACCEPT_LANGUAGE' => 'en-US,en;q=0.9',
    'HTTP_ACCEPT_ENCODING' => 'gzip, deflate, br',
    'HTTP_SEC_FETCH_DEST' => 'document',
    'HTTP_SEC_FETCH_USER' => '?1',
    'HTTP_SEC_FETCH_MODE' => 'navigate',
    'HTTP_SEC_FETCH_SITE' => 'none',
    'HTTP_ACCEPT' => 'text/html,application/xhtml+xml,application/xml;q=0.9,image/avif,image/webp,image/apng,*/*;q=0.8,application/signed-exchange;v=b3;q=0.9',
    'HTTP_USER_AGENT' => 'Mozilla/5.0 (X11; Linux x86_64) AppleWebKit/537.36 (KHTML, like Gecko) Chrome/105.0.0.0 Safari/537.36',
    'HTTP_UPGRADE_INSECURE_REQUESTS' => '1',
    'HTTP_SEC_CH_UA_PLATFORM' => '"Linux"',
    'HTTP_SEC_CH_UA_MOBILE' => '?0',
    'HTTP_SEC_CH_UA' => '"Google Chrome";v="105", "Not)A;Brand";v="8", "Chromium";v="105"',
    'HTTP_CONNECTION' => 'keep-alive',
    'HTTP_HOST' => 'yii2-starter-kit.localhost',
    'REDIRECT_STATUS' => '200',
    'SERVER_NAME' => 'cms.yii2.local',
    'SERVER_PORT' => '80',
    'SERVER_ADDR' => '172.18.0.8',
    'REMOTE_PORT' => '58728',
    'REMOTE_ADDR' => '172.18.0.1',
    'SERVER_SOFTWARE' => 'nginx/1.23.1',
    'GATEWAY_INTERFACE' => 'CGI/1.1',
    'REQUEST_SCHEME' => 'http',
    'SERVER_PROTOCOL' => 'HTTP/1.1',
    'DOCUMENT_ROOT' => '/var/www/html/backend/web',
    'DOCUMENT_URI' => '/index.php',
    'REQUEST_URI' => '/hello/hi/vingu',
    'SCRIPT_NAME' => '/index.php',
    'CONTENT_LENGTH' => '',
    'CONTENT_TYPE' => '',
    'REQUEST_METHOD' => 'GET',
    'QUERY_STRING' => '',
    'SCRIPT_FILENAME' => '/var/www/html/backend/web/index.php',
    'FCGI_ROLE' => 'RESPONDER',
    'PHP_SELF' => '/index.php',
    'REQUEST_TIME_FLOAT' => 1663897979.208157,
    'REQUEST_TIME' => 1663897979,
    'argv' => [],
    'argc' => 0,
    'YII_DEBUG' => 'true',
    'YII_ENV' => 'dev',
    'APP_MAINTENANCE' => '0',
    'LINK_ASSETS' => 'true',
    'DB_DSN' => 'mysql:host=docker_mysql;port=3306;dbname=yii2_starter_kit',
    'DB_USERNAME' => 'root
2022/09/23 01:56:07 [error] 30#30: *10 FastCGI sent in stderr: "PHP message: An Error occurred while handling another error:
yii\web\HeadersAlreadySentException: Headers already sent in /var/www/html/backend/modules/hello/actions/VinguAction.php on line 49. in /var/www/html/vendor/yiisoft/yii2/web/Response.php:368
Stack trace:
#0 /var/www/html/vendor/yiisoft/yii2/web/Response.php(341): yii\web\Response->sendHeaders()
#1 /var/www/html/vendor/yiisoft/yii2/web/ErrorHandler.php(136): yii\web\Response->send()
#2 /var/www/html/vendor/yiisoft/yii2/base/ErrorHandler.php(152): yii\web\ErrorHandler->renderException(Object(yii\web\HeadersAlreadySentException))
#3 [internal function]: yii\base\ErrorHandler->handleException(Object(yii\web\HeadersAlreadySentException))
#4 {main}
Previous exception:
yii\web\HeadersAlreadySentException: Headers already sent in /var/www/html/backend/modules/hello/actions/VinguAction.php on line 49. in /var/www/html/vendor/yiisoft/yii2/web/Response.php:368
Stack trace:
#0 /var/www/html/vendor/yiisoft/yii2/web/Response.php(341): yii\web\Response->sendHeaders()
#1 /var/www/html/vendor/yiisoft/yii2/base/Application.php(390): yii\web\Response->send()
#2 /var/www/html/backend/web/index.php(23): yii\base\Application->run()
#3 {main}
$_SERVER = [
    'HOSTNAME' => 'a859eb63f133',
    'PHP_INI_DIR' => '/usr/local/etc/php',
    'HOME' => '/var/www',
    'PHP_LDFLAGS' => '-Wl,-O1 -pie',
    'PHP_CFLAGS' => '-fstack-protector-strong -fpic -fpie -O2 -D_LARGEFILE_SOURCE -D_FILE_OFFSET_BITS=64',
    'PHP_VERSION' => '7.3.33',
    'GPG_KEYS' => 'CBAF69F173A0FEA4B537F470D66C9593118BCCB6 F38252826ACD957EF380D39F2F7956BC5DA04B5D',
    'PHP_CPPFLAGS' => '-fstack-protector-strong -fpic -fpie -O2 -D_LARGEFILE_SOURCE -D_FILE_OFFSET_BITS=64',
    'PHP_ASC_URL' => 'https://www.php.net/distributions/php-7.3.33.tar.xz.asc',
    'PHP_URL' => 'https://www.php.net/distributions/php-7.3.33.tar.xz',
    'PATH' => '/usr/local/sbin:/usr/local/bin:/usr/sbin:/usr/bin:/sbin:/bin',
    'PHPIZE_DEPS' => 'autoconf 		dpkg-dev 		file 		
2022/09/23 01:56:07 [error] 30#30: *10 FastCGI sent in stderr: "PT_LANGUAGE' => 'en-US,en;q=0.9',
    'HTTP_ACCEPT_ENCODING' => 'gzip, deflate, br',
    'HTTP_SEC_FETCH_DEST' => 'document',
    'HTTP_SEC_FETCH_USER' => '?1',
    'HTTP_SEC_FETCH_MODE' => 'navigate',
    'HTTP_SEC_FETCH_SITE' => 'none',
    'HTTP_ACCEPT' => 'text/html,application/xhtml+xml,application/xml;q=0.9,image/avif,image/webp,image/apng,*/*;q=0.8,application/signed-exchange;v=b3;q=0.9',
    'HTTP_USER_AGENT' => 'Mozilla/5.0 (X11; Linux x86_64) AppleWebKit/537.36 (KHTML, like Gecko) Chrome/105.0.0.0 Safari/537.36',
    'HTTP_UPGRADE_INSECURE_REQUESTS' => '1',
    'HTTP_SEC_CH_UA_PLATFORM' => '"Linux"',
    'HTTP_SEC_CH_UA_MOBILE' => '?0',
    'HTTP_SEC_CH_UA' => '"Google Chrome";v="105", "Not)A;Brand";v="8", "Chromium";v="105"',
    'HTTP_CACHE_CONTROL' => 'max-age=0',
    'HTTP_CONNECTION' => 'keep-alive',
    'HTTP_HOST' => 'yii2-starter-kit.localhost',
    'REDIRECT_STATUS' => '200',
    'SERVER_NAME' => 'cms.yii2.local',
    'SERVER_PORT' => '80',
    'SERVER_ADDR' => '172.18.0.8',
    'REMOTE_PORT' => '37540',
    'REMOTE_ADDR' => '172.18.0.1',
    'SERVER_SOFTWARE' => 'nginx/1.23.1',
    'GATEWAY_INTERFACE' => 'CGI/1.1',
    'REQUEST_SCHEME' => 'http',
    'SERVER_PROTOCOL' => 'HTTP/1.1',
    'DOCUMENT_ROOT' => '/var/www/html/backend/web',
    'DOCUMENT_URI' => '/index.php',
    'REQUEST_URI' => '/hello/hi/vingu',
    'SCRIPT_NAME' => '/index.php',
    'CONTENT_LENGTH' => '',
    'CONTENT_TYPE' => '',
    'REQUEST_METHOD' => 'GET',
    'QUERY_STRING' => '',
    'SCRIPT_FILENAME' => '/var/www/html/backend/web/index.php',
    'FCGI_ROLE' => 'RESPONDER',
    'PHP_SELF' => '/index.php',
    'REQUEST_TIME_FLOAT' => 1663898167.747817,
    'REQUEST_TIME' => 1663898167,
    'argv' => [],
    'argc' => 0,
    'YII_DEBUG' => 'true',
    'YII_ENV' => 'dev',
    'APP_MAINTENANCE' => '0',
    'LINK_ASSETS' => 'true',
    'DB_DSN' => 'mysql:host=docker_mysql;port=3306;dbname=yii2_starter_kit',
    'DB_USERNAME' => 'root',
    'DB_PASSWORD' => 'zyz12
2022/09/23 01:56:10 [error] 30#30: *10 FastCGI sent in stderr: "PHP message: An Error occurred while handling another error:
yii\web\HeadersAlreadySentException: Headers already sent in /var/www/html/backend/modules/hello/actions/VinguAction.php on line 49. in /var/www/html/vendor/yiisoft/yii2/web/Response.php:368
Stack trace:
#0 /var/www/html/vendor/yiisoft/yii2/web/Response.php(341): yii\web\Response->sendHeaders()
#1 /var/www/html/vendor/yiisoft/yii2/web/ErrorHandler.php(136): yii\web\Response->send()
#2 /var/www/html/vendor/yiisoft/yii2/base/ErrorHandler.php(152): yii\web\ErrorHandler->renderException(Object(yii\web\HeadersAlreadySentException))
#3 [internal function]: yii\base\ErrorHandler->handleException(Object(yii\web\HeadersAlreadySentException))
#4 {main}
Previous exception:
yii\web\HeadersAlreadySentException: Headers already sent in /var/www/html/backend/modules/hello/actions/VinguAction.php on line 49. in /var/www/html/vendor/yiisoft/yii2/web/Response.php:368
Stack trace:
#0 /var/www/html/vendor/yiisoft/yii2/web/Response.php(341): yii\web\Response->sendHeaders()
#1 /var/www/html/vendor/yiisoft/yii2/base/Application.php(390): yii\web\Response->send()
#2 /var/www/html/backend/web/index.php(23): yii\base\Application->run()
#3 {main}
$_SERVER = [
    'HOSTNAME' => 'a859eb63f133',
    'PHP_INI_DIR' => '/usr/local/etc/php',
    'HOME' => '/var/www',
    'PHP_LDFLAGS' => '-Wl,-O1 -pie',
    'PHP_CFLAGS' => '-fstack-protector-strong -fpic -fpie -O2 -D_LARGEFILE_SOURCE -D_FILE_OFFSET_BITS=64',
    'PHP_VERSION' => '7.3.33',
    'GPG_KEYS' => 'CBAF69F173A0FEA4B537F470D66C9593118BCCB6 F38252826ACD957EF380D39F2F7956BC5DA04B5D',
    'PHP_CPPFLAGS' => '-fstack-protector-strong -fpic -fpie -O2 -D_LARGEFILE_SOURCE -D_FILE_OFFSET_BITS=64',
    'PHP_ASC_URL' => 'https://www.php.net/distributions/php-7.3.33.tar.xz.asc',
    'PHP_URL' => 'https://www.php.net/distributions/php-7.3.33.tar.xz',
    'PATH' => '/usr/local/sbin:/usr/local/bin:/usr/sbin:/usr/bin:/sbin:/bin',
    'PHPIZE_DEPS' => 'autoconf 		dpkg-dev 		file 		
2022/09/23 01:56:10 [error] 30#30: *10 FastCGI sent in stderr: "PT_LANGUAGE' => 'en-US,en;q=0.9',
    'HTTP_ACCEPT_ENCODING' => 'gzip, deflate, br',
    'HTTP_SEC_FETCH_DEST' => 'document',
    'HTTP_SEC_FETCH_USER' => '?1',
    'HTTP_SEC_FETCH_MODE' => 'navigate',
    'HTTP_SEC_FETCH_SITE' => 'none',
    'HTTP_ACCEPT' => 'text/html,application/xhtml+xml,application/xml;q=0.9,image/avif,image/webp,image/apng,*/*;q=0.8,application/signed-exchange;v=b3;q=0.9',
    'HTTP_USER_AGENT' => 'Mozilla/5.0 (X11; Linux x86_64) AppleWebKit/537.36 (KHTML, like Gecko) Chrome/105.0.0.0 Safari/537.36',
    'HTTP_UPGRADE_INSECURE_REQUESTS' => '1',
    'HTTP_SEC_CH_UA_PLATFORM' => '"Linux"',
    'HTTP_SEC_CH_UA_MOBILE' => '?0',
    'HTTP_SEC_CH_UA' => '"Google Chrome";v="105", "Not)A;Brand";v="8", "Chromium";v="105"',
    'HTTP_CACHE_CONTROL' => 'max-age=0',
    'HTTP_CONNECTION' => 'keep-alive',
    'HTTP_HOST' => 'yii2-starter-kit.localhost',
    'REDIRECT_STATUS' => '200',
    'SERVER_NAME' => 'cms.yii2.local',
    'SERVER_PORT' => '80',
    'SERVER_ADDR' => '172.18.0.8',
    'REMOTE_PORT' => '37540',
    'REMOTE_ADDR' => '172.18.0.1',
    'SERVER_SOFTWARE' => 'nginx/1.23.1',
    'GATEWAY_INTERFACE' => 'CGI/1.1',
    'REQUEST_SCHEME' => 'http',
    'SERVER_PROTOCOL' => 'HTTP/1.1',
    'DOCUMENT_ROOT' => '/var/www/html/backend/web',
    'DOCUMENT_URI' => '/index.php',
    'REQUEST_URI' => '/hello/hi/vingu',
    'SCRIPT_NAME' => '/index.php',
    'CONTENT_LENGTH' => '',
    'CONTENT_TYPE' => '',
    'REQUEST_METHOD' => 'GET',
    'QUERY_STRING' => '',
    'SCRIPT_FILENAME' => '/var/www/html/backend/web/index.php',
    'FCGI_ROLE' => 'RESPONDER',
    'PHP_SELF' => '/index.php',
    'REQUEST_TIME_FLOAT' => 1663898169.841706,
    'REQUEST_TIME' => 1663898169,
    'argv' => [],
    'argc' => 0,
    'YII_DEBUG' => 'true',
    'YII_ENV' => 'dev',
    'APP_MAINTENANCE' => '0',
    'LINK_ASSETS' => 'true',
    'DB_DSN' => 'mysql:host=docker_mysql;port=3306;dbname=yii2_starter_kit',
    'DB_USERNAME' => 'root',
    'DB_PASSWORD' => 'zyz12
2022/09/23 06:48:30 [error] 30#30: *19 FastCGI sent in stderr: "PHP message: An Error occurred while handling another error:
yii\web\HeadersAlreadySentException: Headers already sent in /var/www/html/backend/modules/hello/actions/VinguAction.php on line 47. in /var/www/html/vendor/yiisoft/yii2/web/Response.php:368
Stack trace:
#0 /var/www/html/vendor/yiisoft/yii2/web/Response.php(341): yii\web\Response->sendHeaders()
#1 /var/www/html/vendor/yiisoft/yii2/web/ErrorHandler.php(136): yii\web\Response->send()
#2 /var/www/html/vendor/yiisoft/yii2/base/ErrorHandler.php(152): yii\web\ErrorHandler->renderException(Object(yii\web\HeadersAlreadySentException))
#3 [internal function]: yii\base\ErrorHandler->handleException(Object(yii\web\HeadersAlreadySentException))
#4 {main}
Previous exception:
yii\web\HeadersAlreadySentException: Headers already sent in /var/www/html/backend/modules/hello/actions/VinguAction.php on line 47. in /var/www/html/vendor/yiisoft/yii2/web/Response.php:368
Stack trace:
#0 /var/www/html/vendor/yiisoft/yii2/web/Response.php(341): yii\web\Response->sendHeaders()
#1 /var/www/html/vendor/yiisoft/yii2/base/Application.php(390): yii\web\Response->send()
#2 /var/www/html/backend/web/index.php(23): yii\base\Application->run()
#3 {main}
$_SERVER = [
    'HOSTNAME' => 'a859eb63f133',
    'PHP_INI_DIR' => '/usr/local/etc/php',
    'HOME' => '/var/www',
    'PHP_LDFLAGS' => '-Wl,-O1 -pie',
    'PHP_CFLAGS' => '-fstack-protector-strong -fpic -fpie -O2 -D_LARGEFILE_SOURCE -D_FILE_OFFSET_BITS=64',
    'PHP_VERSION' => '7.3.33',
    'GPG_KEYS' => 'CBAF69F173A0FEA4B537F470D66C9593118BCCB6 F38252826ACD957EF380D39F2F7956BC5DA04B5D',
    'PHP_CPPFLAGS' => '-fstack-protector-strong -fpic -fpie -O2 -D_LARGEFILE_SOURCE -D_FILE_OFFSET_BITS=64',
    'PHP_ASC_URL' => 'https://www.php.net/distributions/php-7.3.33.tar.xz.asc',
    'PHP_URL' => 'https://www.php.net/distributions/php-7.3.33.tar.xz',
    'PATH' => '/usr/local/sbin:/usr/local/bin:/usr/sbin:/usr/bin:/sbin:/bin',
    'PHPIZE_DEPS' => 'autoconf 		dpkg-dev 		file 		
2022/09/23 06:48:30 [error] 30#30: *19 FastCGI sent in stderr: "TTP_ACCEPT_LANGUAGE' => 'en-US,en;q=0.9',
    'HTTP_ACCEPT_ENCODING' => 'gzip, deflate, br',
    'HTTP_SEC_FETCH_DEST' => 'document',
    'HTTP_SEC_FETCH_USER' => '?1',
    'HTTP_SEC_FETCH_MODE' => 'navigate',
    'HTTP_SEC_FETCH_SITE' => 'none',
    'HTTP_ACCEPT' => 'text/html,application/xhtml+xml,application/xml;q=0.9,image/avif,image/webp,image/apng,*/*;q=0.8,application/signed-exchange;v=b3;q=0.9',
    'HTTP_USER_AGENT' => 'Mozilla/5.0 (X11; Linux x86_64) AppleWebKit/537.36 (KHTML, like Gecko) Chrome/105.0.0.0 Safari/537.36',
    'HTTP_UPGRADE_INSECURE_REQUESTS' => '1',
    'HTTP_SEC_CH_UA_PLATFORM' => '"Linux"',
    'HTTP_SEC_CH_UA_MOBILE' => '?0',
    'HTTP_SEC_CH_UA' => '"Google Chrome";v="105", "Not)A;Brand";v="8", "Chromium";v="105"',
    'HTTP_CACHE_CONTROL' => 'max-age=0',
    'HTTP_CONNECTION' => 'keep-alive',
    'HTTP_HOST' => 'yii2-starter-kit.localhost',
    'REDIRECT_STATUS' => '200',
    'SERVER_NAME' => 'cms.yii2.local',
    'SERVER_PORT' => '80',
    'SERVER_ADDR' => '172.18.0.8',
    'REMOTE_PORT' => '41076',
    'REMOTE_ADDR' => '172.18.0.1',
    'SERVER_SOFTWARE' => 'nginx/1.23.1',
    'GATEWAY_INTERFACE' => 'CGI/1.1',
    'REQUEST_SCHEME' => 'http',
    'SERVER_PROTOCOL' => 'HTTP/1.1',
    'DOCUMENT_ROOT' => '/var/www/html/backend/web',
    'DOCUMENT_URI' => '/index.php',
    'REQUEST_URI' => '/hello/hi/vingu',
    'SCRIPT_NAME' => '/index.php',
    'CONTENT_LENGTH' => '',
    'CONTENT_TYPE' => '',
    'REQUEST_METHOD' => 'GET',
    'QUERY_STRING' => '',
    'SCRIPT_FILENAME' => '/var/www/html/backend/web/index.php',
    'FCGI_ROLE' => 'RESPONDER',
    'PHP_SELF' => '/index.php',
    'REQUEST_TIME_FLOAT' => 1663915709.855525,
    'REQUEST_TIME' => 1663915709,
    'argv' => [],
    'argc' => 0,
    'YII_DEBUG' => 'true',
    'YII_ENV' => 'dev',
    'APP_MAINTENANCE' => '0',
    'LINK_ASSETS' => 'true',
    'DB_DSN' => 'mysql:host=docker_mysql;port=3306;dbname=yii2_starter_kit',
    'DB_USERNAME' => 'root',
    'DB_PASSWORD' =
2022/09/23 06:49:02 [error] 30#30: *19 FastCGI sent in stderr: "PHP message: An Error occurred while handling another error:
yii\web\HeadersAlreadySentException: Headers already sent in /var/www/html/backend/modules/hello/actions/VinguAction.php on line 47. in /var/www/html/vendor/yiisoft/yii2/web/Response.php:368
Stack trace:
#0 /var/www/html/vendor/yiisoft/yii2/web/Response.php(341): yii\web\Response->sendHeaders()
#1 /var/www/html/vendor/yiisoft/yii2/web/ErrorHandler.php(136): yii\web\Response->send()
#2 /var/www/html/vendor/yiisoft/yii2/base/ErrorHandler.php(152): yii\web\ErrorHandler->renderException(Object(yii\web\HeadersAlreadySentException))
#3 [internal function]: yii\base\ErrorHandler->handleException(Object(yii\web\HeadersAlreadySentException))
#4 {main}
Previous exception:
yii\web\HeadersAlreadySentException: Headers already sent in /var/www/html/backend/modules/hello/actions/VinguAction.php on line 47. in /var/www/html/vendor/yiisoft/yii2/web/Response.php:368
Stack trace:
#0 /var/www/html/vendor/yiisoft/yii2/web/Response.php(341): yii\web\Response->sendHeaders()
#1 /var/www/html/vendor/yiisoft/yii2/base/Application.php(390): yii\web\Response->send()
#2 /var/www/html/backend/web/index.php(23): yii\base\Application->run()
#3 {main}
$_SERVER = [
    'HOSTNAME' => 'a859eb63f133',
    'PHP_INI_DIR' => '/usr/local/etc/php',
    'HOME' => '/var/www',
    'PHP_LDFLAGS' => '-Wl,-O1 -pie',
    'PHP_CFLAGS' => '-fstack-protector-strong -fpic -fpie -O2 -D_LARGEFILE_SOURCE -D_FILE_OFFSET_BITS=64',
    'PHP_VERSION' => '7.3.33',
    'GPG_KEYS' => 'CBAF69F173A0FEA4B537F470D66C9593118BCCB6 F38252826ACD957EF380D39F2F7956BC5DA04B5D',
    'PHP_CPPFLAGS' => '-fstack-protector-strong -fpic -fpie -O2 -D_LARGEFILE_SOURCE -D_FILE_OFFSET_BITS=64',
    'PHP_ASC_URL' => 'https://www.php.net/distributions/php-7.3.33.tar.xz.asc',
    'PHP_URL' => 'https://www.php.net/distributions/php-7.3.33.tar.xz',
    'PATH' => '/usr/local/sbin:/usr/local/bin:/usr/sbin:/usr/bin:/sbin:/bin',
    'PHPIZE_DEPS' => 'autoconf 		dpkg-dev 		file 		
2022/09/23 06:49:02 [error] 30#30: *19 FastCGI sent in stderr: "TTP_ACCEPT_LANGUAGE' => 'en-US,en;q=0.9',
    'HTTP_ACCEPT_ENCODING' => 'gzip, deflate, br',
    'HTTP_SEC_FETCH_DEST' => 'document',
    'HTTP_SEC_FETCH_USER' => '?1',
    'HTTP_SEC_FETCH_MODE' => 'navigate',
    'HTTP_SEC_FETCH_SITE' => 'none',
    'HTTP_ACCEPT' => 'text/html,application/xhtml+xml,application/xml;q=0.9,image/avif,image/webp,image/apng,*/*;q=0.8,application/signed-exchange;v=b3;q=0.9',
    'HTTP_USER_AGENT' => 'Mozilla/5.0 (X11; Linux x86_64) AppleWebKit/537.36 (KHTML, like Gecko) Chrome/105.0.0.0 Safari/537.36',
    'HTTP_UPGRADE_INSECURE_REQUESTS' => '1',
    'HTTP_SEC_CH_UA_PLATFORM' => '"Linux"',
    'HTTP_SEC_CH_UA_MOBILE' => '?0',
    'HTTP_SEC_CH_UA' => '"Google Chrome";v="105", "Not)A;Brand";v="8", "Chromium";v="105"',
    'HTTP_CACHE_CONTROL' => 'max-age=0',
    'HTTP_CONNECTION' => 'keep-alive',
    'HTTP_HOST' => 'yii2-starter-kit.localhost',
    'REDIRECT_STATUS' => '200',
    'SERVER_NAME' => 'cms.yii2.local',
    'SERVER_PORT' => '80',
    'SERVER_ADDR' => '172.18.0.8',
    'REMOTE_PORT' => '41076',
    'REMOTE_ADDR' => '172.18.0.1',
    'SERVER_SOFTWARE' => 'nginx/1.23.1',
    'GATEWAY_INTERFACE' => 'CGI/1.1',
    'REQUEST_SCHEME' => 'http',
    'SERVER_PROTOCOL' => 'HTTP/1.1',
    'DOCUMENT_ROOT' => '/var/www/html/backend/web',
    'DOCUMENT_URI' => '/index.php',
    'REQUEST_URI' => '/hello/hi/vingu',
    'SCRIPT_NAME' => '/index.php',
    'CONTENT_LENGTH' => '',
    'CONTENT_TYPE' => '',
    'REQUEST_METHOD' => 'GET',
    'QUERY_STRING' => '',
    'SCRIPT_FILENAME' => '/var/www/html/backend/web/index.php',
    'FCGI_ROLE' => 'RESPONDER',
    'PHP_SELF' => '/index.php',
    'REQUEST_TIME_FLOAT' => 1663915742.74978,
    'REQUEST_TIME' => 1663915742,
    'argv' => [],
    'argc' => 0,
    'YII_DEBUG' => 'true',
    'YII_ENV' => 'dev',
    'APP_MAINTENANCE' => '0',
    'LINK_ASSETS' => 'true',
    'DB_DSN' => 'mysql:host=docker_mysql;port=3306;dbname=yii2_starter_kit',
    'DB_USERNAME' => 'root',
    'DB_PASSWORD' =>
2022/09/23 06:50:58 [error] 30#30: *23 FastCGI sent in stderr: "PHP message: An Error occurred while handling another error:
yii\web\HeadersAlreadySentException: Headers already sent in /var/www/html/backend/modules/hello/actions/VinguAction.php on line 58. in /var/www/html/vendor/yiisoft/yii2/web/Response.php:368
Stack trace:
#0 /var/www/html/vendor/yiisoft/yii2/web/Response.php(341): yii\web\Response->sendHeaders()
#1 /var/www/html/vendor/yiisoft/yii2/web/ErrorHandler.php(136): yii\web\Response->send()
#2 /var/www/html/vendor/yiisoft/yii2/base/ErrorHandler.php(152): yii\web\ErrorHandler->renderException(Object(yii\web\HeadersAlreadySentException))
#3 [internal function]: yii\base\ErrorHandler->handleException(Object(yii\web\HeadersAlreadySentException))
#4 {main}
Previous exception:
yii\web\HeadersAlreadySentException: Headers already sent in /var/www/html/backend/modules/hello/actions/VinguAction.php on line 58. in /var/www/html/vendor/yiisoft/yii2/web/Response.php:368
Stack trace:
#0 /var/www/html/vendor/yiisoft/yii2/web/Response.php(341): yii\web\Response->sendHeaders()
#1 /var/www/html/vendor/yiisoft/yii2/base/Application.php(390): yii\web\Response->send()
#2 /var/www/html/backend/web/index.php(23): yii\base\Application->run()
#3 {main}
$_SERVER = [
    'HOSTNAME' => 'a859eb63f133',
    'PHP_INI_DIR' => '/usr/local/etc/php',
    'HOME' => '/var/www',
    'PHP_LDFLAGS' => '-Wl,-O1 -pie',
    'PHP_CFLAGS' => '-fstack-protector-strong -fpic -fpie -O2 -D_LARGEFILE_SOURCE -D_FILE_OFFSET_BITS=64',
    'PHP_VERSION' => '7.3.33',
    'GPG_KEYS' => 'CBAF69F173A0FEA4B537F470D66C9593118BCCB6 F38252826ACD957EF380D39F2F7956BC5DA04B5D',
    'PHP_CPPFLAGS' => '-fstack-protector-strong -fpic -fpie -O2 -D_LARGEFILE_SOURCE -D_FILE_OFFSET_BITS=64',
    'PHP_ASC_URL' => 'https://www.php.net/distributions/php-7.3.33.tar.xz.asc',
    'PHP_URL' => 'https://www.php.net/distributions/php-7.3.33.tar.xz',
    'PATH' => '/usr/local/sbin:/usr/local/bin:/usr/sbin:/usr/bin:/sbin:/bin',
    'PHPIZE_DEPS' => 'autoconf 		dpkg-dev 		file 		
2022/09/23 06:50:58 [error] 30#30: *23 FastCGI sent in stderr: "PT_LANGUAGE' => 'en-US,en;q=0.9',
    'HTTP_ACCEPT_ENCODING' => 'gzip, deflate, br',
    'HTTP_SEC_FETCH_DEST' => 'document',
    'HTTP_SEC_FETCH_USER' => '?1',
    'HTTP_SEC_FETCH_MODE' => 'navigate',
    'HTTP_SEC_FETCH_SITE' => 'none',
    'HTTP_ACCEPT' => 'text/html,application/xhtml+xml,application/xml;q=0.9,image/avif,image/webp,image/apng,*/*;q=0.8,application/signed-exchange;v=b3;q=0.9',
    'HTTP_USER_AGENT' => 'Mozilla/5.0 (X11; Linux x86_64) AppleWebKit/537.36 (KHTML, like Gecko) Chrome/105.0.0.0 Safari/537.36',
    'HTTP_UPGRADE_INSECURE_REQUESTS' => '1',
    'HTTP_SEC_CH_UA_PLATFORM' => '"Linux"',
    'HTTP_SEC_CH_UA_MOBILE' => '?0',
    'HTTP_SEC_CH_UA' => '"Google Chrome";v="105", "Not)A;Brand";v="8", "Chromium";v="105"',
    'HTTP_CACHE_CONTROL' => 'max-age=0',
    'HTTP_CONNECTION' => 'keep-alive',
    'HTTP_HOST' => 'yii2-starter-kit.localhost',
    'REDIRECT_STATUS' => '200',
    'SERVER_NAME' => 'cms.yii2.local',
    'SERVER_PORT' => '80',
    'SERVER_ADDR' => '172.18.0.8',
    'REMOTE_PORT' => '50746',
    'REMOTE_ADDR' => '172.18.0.1',
    'SERVER_SOFTWARE' => 'nginx/1.23.1',
    'GATEWAY_INTERFACE' => 'CGI/1.1',
    'REQUEST_SCHEME' => 'http',
    'SERVER_PROTOCOL' => 'HTTP/1.1',
    'DOCUMENT_ROOT' => '/var/www/html/backend/web',
    'DOCUMENT_URI' => '/index.php',
    'REQUEST_URI' => '/hello/hi/vingu',
    'SCRIPT_NAME' => '/index.php',
    'CONTENT_LENGTH' => '',
    'CONTENT_TYPE' => '',
    'REQUEST_METHOD' => 'GET',
    'QUERY_STRING' => '',
    'SCRIPT_FILENAME' => '/var/www/html/backend/web/index.php',
    'FCGI_ROLE' => 'RESPONDER',
    'PHP_SELF' => '/index.php',
    'REQUEST_TIME_FLOAT' => 1663915858.440404,
    'REQUEST_TIME' => 1663915858,
    'argv' => [],
    'argc' => 0,
    'YII_DEBUG' => 'true',
    'YII_ENV' => 'dev',
    'APP_MAINTENANCE' => '0',
    'LINK_ASSETS' => 'true',
    'DB_DSN' => 'mysql:host=docker_mysql;port=3306;dbname=yii2_starter_kit',
    'DB_USERNAME' => 'root',
    'DB_PASSWORD' => 'zyz12
2022/09/23 06:51:11 [error] 30#30: *23 FastCGI sent in stderr: "PHP message: An Error occurred while handling another error:
yii\web\HeadersAlreadySentException: Headers already sent in /var/www/html/backend/modules/hello/actions/VinguAction.php on line 54. in /var/www/html/vendor/yiisoft/yii2/web/Response.php:368
Stack trace:
#0 /var/www/html/vendor/yiisoft/yii2/web/Response.php(341): yii\web\Response->sendHeaders()
#1 /var/www/html/vendor/yiisoft/yii2/web/ErrorHandler.php(136): yii\web\Response->send()
#2 /var/www/html/vendor/yiisoft/yii2/base/ErrorHandler.php(152): yii\web\ErrorHandler->renderException(Object(yii\web\HeadersAlreadySentException))
#3 [internal function]: yii\base\ErrorHandler->handleException(Object(yii\web\HeadersAlreadySentException))
#4 {main}
Previous exception:
yii\web\HeadersAlreadySentException: Headers already sent in /var/www/html/backend/modules/hello/actions/VinguAction.php on line 54. in /var/www/html/vendor/yiisoft/yii2/web/Response.php:368
Stack trace:
#0 /var/www/html/vendor/yiisoft/yii2/web/Response.php(341): yii\web\Response->sendHeaders()
#1 /var/www/html/vendor/yiisoft/yii2/base/Application.php(390): yii\web\Response->send()
#2 /var/www/html/backend/web/index.php(23): yii\base\Application->run()
#3 {main}
$_SERVER = [
    'HOSTNAME' => 'a859eb63f133',
    'PHP_INI_DIR' => '/usr/local/etc/php',
    'HOME' => '/var/www',
    'PHP_LDFLAGS' => '-Wl,-O1 -pie',
    'PHP_CFLAGS' => '-fstack-protector-strong -fpic -fpie -O2 -D_LARGEFILE_SOURCE -D_FILE_OFFSET_BITS=64',
    'PHP_VERSION' => '7.3.33',
    'GPG_KEYS' => 'CBAF69F173A0FEA4B537F470D66C9593118BCCB6 F38252826ACD957EF380D39F2F7956BC5DA04B5D',
    'PHP_CPPFLAGS' => '-fstack-protector-strong -fpic -fpie -O2 -D_LARGEFILE_SOURCE -D_FILE_OFFSET_BITS=64',
    'PHP_ASC_URL' => 'https://www.php.net/distributions/php-7.3.33.tar.xz.asc',
    'PHP_URL' => 'https://www.php.net/distributions/php-7.3.33.tar.xz',
    'PATH' => '/usr/local/sbin:/usr/local/bin:/usr/sbin:/usr/bin:/sbin:/bin',
    'PHPIZE_DEPS' => 'autoconf 		dpkg-dev 		file 		
2022/09/23 06:51:11 [error] 30#30: *23 FastCGI sent in stderr: "TTP_ACCEPT_LANGUAGE' => 'en-US,en;q=0.9',
    'HTTP_ACCEPT_ENCODING' => 'gzip, deflate, br',
    'HTTP_SEC_FETCH_DEST' => 'document',
    'HTTP_SEC_FETCH_USER' => '?1',
    'HTTP_SEC_FETCH_MODE' => 'navigate',
    'HTTP_SEC_FETCH_SITE' => 'none',
    'HTTP_ACCEPT' => 'text/html,application/xhtml+xml,application/xml;q=0.9,image/avif,image/webp,image/apng,*/*;q=0.8,application/signed-exchange;v=b3;q=0.9',
    'HTTP_USER_AGENT' => 'Mozilla/5.0 (X11; Linux x86_64) AppleWebKit/537.36 (KHTML, like Gecko) Chrome/105.0.0.0 Safari/537.36',
    'HTTP_UPGRADE_INSECURE_REQUESTS' => '1',
    'HTTP_SEC_CH_UA_PLATFORM' => '"Linux"',
    'HTTP_SEC_CH_UA_MOBILE' => '?0',
    'HTTP_SEC_CH_UA' => '"Google Chrome";v="105", "Not)A;Brand";v="8", "Chromium";v="105"',
    'HTTP_CACHE_CONTROL' => 'max-age=0',
    'HTTP_CONNECTION' => 'keep-alive',
    'HTTP_HOST' => 'yii2-starter-kit.localhost',
    'REDIRECT_STATUS' => '200',
    'SERVER_NAME' => 'cms.yii2.local',
    'SERVER_PORT' => '80',
    'SERVER_ADDR' => '172.18.0.8',
    'REMOTE_PORT' => '50746',
    'REMOTE_ADDR' => '172.18.0.1',
    'SERVER_SOFTWARE' => 'nginx/1.23.1',
    'GATEWAY_INTERFACE' => 'CGI/1.1',
    'REQUEST_SCHEME' => 'http',
    'SERVER_PROTOCOL' => 'HTTP/1.1',
    'DOCUMENT_ROOT' => '/var/www/html/backend/web',
    'DOCUMENT_URI' => '/index.php',
    'REQUEST_URI' => '/hello/hi/vingu',
    'SCRIPT_NAME' => '/index.php',
    'CONTENT_LENGTH' => '',
    'CONTENT_TYPE' => '',
    'REQUEST_METHOD' => 'GET',
    'QUERY_STRING' => '',
    'SCRIPT_FILENAME' => '/var/www/html/backend/web/index.php',
    'FCGI_ROLE' => 'RESPONDER',
    'PHP_SELF' => '/index.php',
    'REQUEST_TIME_FLOAT' => 1663915871.236725,
    'REQUEST_TIME' => 1663915871,
    'argv' => [],
    'argc' => 0,
    'YII_DEBUG' => 'true',
    'YII_ENV' => 'dev',
    'APP_MAINTENANCE' => '0',
    'LINK_ASSETS' => 'true',
    'DB_DSN' => 'mysql:host=docker_mysql;port=3306;dbname=yii2_starter_kit',
    'DB_USERNAME' => 'root',
    'DB_PASSWORD' =
2022/09/23 06:51:20 [error] 30#30: *23 FastCGI sent in stderr: "PHP message: An Error occurred while handling another error:
yii\web\HeadersAlreadySentException: Headers already sent in /var/www/html/backend/modules/hello/actions/VinguAction.php on line 58. in /var/www/html/vendor/yiisoft/yii2/web/Response.php:368
Stack trace:
#0 /var/www/html/vendor/yiisoft/yii2/web/Response.php(341): yii\web\Response->sendHeaders()
#1 /var/www/html/vendor/yiisoft/yii2/web/ErrorHandler.php(136): yii\web\Response->send()
#2 /var/www/html/vendor/yiisoft/yii2/base/ErrorHandler.php(152): yii\web\ErrorHandler->renderException(Object(yii\web\HeadersAlreadySentException))
#3 [internal function]: yii\base\ErrorHandler->handleException(Object(yii\web\HeadersAlreadySentException))
#4 {main}
Previous exception:
yii\web\HeadersAlreadySentException: Headers already sent in /var/www/html/backend/modules/hello/actions/VinguAction.php on line 58. in /var/www/html/vendor/yiisoft/yii2/web/Response.php:368
Stack trace:
#0 /var/www/html/vendor/yiisoft/yii2/web/Response.php(341): yii\web\Response->sendHeaders()
#1 /var/www/html/vendor/yiisoft/yii2/base/Application.php(390): yii\web\Response->send()
#2 /var/www/html/backend/web/index.php(23): yii\base\Application->run()
#3 {main}
$_SERVER = [
    'HOSTNAME' => 'a859eb63f133',
    'PHP_INI_DIR' => '/usr/local/etc/php',
    'HOME' => '/var/www',
    'PHP_LDFLAGS' => '-Wl,-O1 -pie',
    'PHP_CFLAGS' => '-fstack-protector-strong -fpic -fpie -O2 -D_LARGEFILE_SOURCE -D_FILE_OFFSET_BITS=64',
    'PHP_VERSION' => '7.3.33',
    'GPG_KEYS' => 'CBAF69F173A0FEA4B537F470D66C9593118BCCB6 F38252826ACD957EF380D39F2F7956BC5DA04B5D',
    'PHP_CPPFLAGS' => '-fstack-protector-strong -fpic -fpie -O2 -D_LARGEFILE_SOURCE -D_FILE_OFFSET_BITS=64',
    'PHP_ASC_URL' => 'https://www.php.net/distributions/php-7.3.33.tar.xz.asc',
    'PHP_URL' => 'https://www.php.net/distributions/php-7.3.33.tar.xz',
    'PATH' => '/usr/local/sbin:/usr/local/bin:/usr/sbin:/usr/bin:/sbin:/bin',
    'PHPIZE_DEPS' => 'autoconf 		dpkg-dev 		file 		
2022/09/23 06:51:20 [error] 30#30: *23 FastCGI sent in stderr: "PT_LANGUAGE' => 'en-US,en;q=0.9',
    'HTTP_ACCEPT_ENCODING' => 'gzip, deflate, br',
    'HTTP_SEC_FETCH_DEST' => 'document',
    'HTTP_SEC_FETCH_USER' => '?1',
    'HTTP_SEC_FETCH_MODE' => 'navigate',
    'HTTP_SEC_FETCH_SITE' => 'none',
    'HTTP_ACCEPT' => 'text/html,application/xhtml+xml,application/xml;q=0.9,image/avif,image/webp,image/apng,*/*;q=0.8,application/signed-exchange;v=b3;q=0.9',
    'HTTP_USER_AGENT' => 'Mozilla/5.0 (X11; Linux x86_64) AppleWebKit/537.36 (KHTML, like Gecko) Chrome/105.0.0.0 Safari/537.36',
    'HTTP_UPGRADE_INSECURE_REQUESTS' => '1',
    'HTTP_SEC_CH_UA_PLATFORM' => '"Linux"',
    'HTTP_SEC_CH_UA_MOBILE' => '?0',
    'HTTP_SEC_CH_UA' => '"Google Chrome";v="105", "Not)A;Brand";v="8", "Chromium";v="105"',
    'HTTP_CACHE_CONTROL' => 'max-age=0',
    'HTTP_CONNECTION' => 'keep-alive',
    'HTTP_HOST' => 'yii2-starter-kit.localhost',
    'REDIRECT_STATUS' => '200',
    'SERVER_NAME' => 'cms.yii2.local',
    'SERVER_PORT' => '80',
    'SERVER_ADDR' => '172.18.0.8',
    'REMOTE_PORT' => '50746',
    'REMOTE_ADDR' => '172.18.0.1',
    'SERVER_SOFTWARE' => 'nginx/1.23.1',
    'GATEWAY_INTERFACE' => 'CGI/1.1',
    'REQUEST_SCHEME' => 'http',
    'SERVER_PROTOCOL' => 'HTTP/1.1',
    'DOCUMENT_ROOT' => '/var/www/html/backend/web',
    'DOCUMENT_URI' => '/index.php',
    'REQUEST_URI' => '/hello/hi/vingu',
    'SCRIPT_NAME' => '/index.php',
    'CONTENT_LENGTH' => '',
    'CONTENT_TYPE' => '',
    'REQUEST_METHOD' => 'GET',
    'QUERY_STRING' => '',
    'SCRIPT_FILENAME' => '/var/www/html/backend/web/index.php',
    'FCGI_ROLE' => 'RESPONDER',
    'PHP_SELF' => '/index.php',
    'REQUEST_TIME_FLOAT' => 1663915880.891181,
    'REQUEST_TIME' => 1663915880,
    'argv' => [],
    'argc' => 0,
    'YII_DEBUG' => 'true',
    'YII_ENV' => 'dev',
    'APP_MAINTENANCE' => '0',
    'LINK_ASSETS' => 'true',
    'DB_DSN' => 'mysql:host=docker_mysql;port=3306;dbname=yii2_starter_kit',
    'DB_USERNAME' => 'root',
    'DB_PASSWORD' => 'zyz12
2022/10/05 08:46:09 [error] 30#30: *601 FastCGI sent in stderr: "PHP message: PHP Parse error:  syntax error, unexpected ',' in /var/www/html/backend/config/web.php on line 118" while reading response header from upstream, client: 172.18.0.1, server: cms.yii2.local, request: "GET /hello_rbac/occho/ahihi HTTP/1.1", upstream: "fastcgi://172.18.0.5:9000", host: "backend.yii2-starter-kit.localhost", referrer: "http://backend.yii2-starter-kit.localhost/sign-in/login"
2022/10/05 08:46:12 [error] 30#30: *601 FastCGI sent in stderr: "PHP message: PHP Parse error:  syntax error, unexpected ',' in /var/www/html/backend/config/web.php on line 118" while reading response header from upstream, client: 172.18.0.1, server: cms.yii2.local, request: "GET /hello_rbac/occho/ahihi HTTP/1.1", upstream: "fastcgi://172.18.0.5:9000", host: "backend.yii2-starter-kit.localhost"
2022/10/05 08:46:14 [error] 30#30: *601 FastCGI sent in stderr: "PHP message: PHP Parse error:  syntax error, unexpected ',' in /var/www/html/backend/config/web.php on line 118" while reading response header from upstream, client: 172.18.0.1, server: cms.yii2.local, request: "GET /hello_rbac/occho/ahihi HTTP/1.1", upstream: "fastcgi://172.18.0.5:9000", host: "backend.yii2-starter-kit.localhost"
2022/10/05 08:46:16 [error] 30#30: *601 FastCGI sent in stderr: "PHP message: PHP Parse error:  syntax error, unexpected ',' in /var/www/html/backend/config/web.php on line 118" while reading response header from upstream, client: 172.18.0.1, server: cms.yii2.local, request: "GET /hello_rbac/occho/ahihi HTTP/1.1", upstream: "fastcgi://172.18.0.5:9000", host: "backend.yii2-starter-kit.localhost"
2022/10/05 08:46:17 [error] 30#30: *601 FastCGI sent in stderr: "PHP message: PHP Parse error:  syntax error, unexpected ',' in /var/www/html/backend/config/web.php on line 118" while reading response header from upstream, client: 172.18.0.1, server: cms.yii2.local, request: "GET /hello_rbac/occho/ahihi HTTP/1.1", upstream: "fastcgi://172.18.0.5:9000", host: "backend.yii2-starter-kit.localhost"
2022/10/05 08:46:19 [error] 30#30: *601 FastCGI sent in stderr: "PHP message: PHP Parse error:  syntax error, unexpected ',' in /var/www/html/backend/config/web.php on line 118" while reading response header from upstream, client: 172.18.0.1, server: cms.yii2.local, request: "GET /hello_rbac/occho/ahihi HTTP/1.1", upstream: "fastcgi://172.18.0.5:9000", host: "backend.yii2-starter-kit.localhost"
2022/10/05 08:46:21 [error] 30#30: *601 FastCGI sent in stderr: "PHP message: PHP Parse error:  syntax error, unexpected ',' in /var/www/html/backend/config/web.php on line 118" while reading response header from upstream, client: 172.18.0.1, server: cms.yii2.local, request: "GET /hello_rbac/occho/ahihi HTTP/1.1", upstream: "fastcgi://172.18.0.5:9000", host: "backend.yii2-starter-kit.localhost"
2022/10/05 08:46:30 [error] 30#30: *601 FastCGI sent in stderr: "PHP message: PHP Parse error:  syntax error, unexpected ',' in /var/www/html/backend/config/web.php on line 118" while reading response header from upstream, client: 172.18.0.1, server: cms.yii2.local, request: "GET / HTTP/1.1", upstream: "fastcgi://172.18.0.5:9000", host: "backend.yii2-starter-kit.localhost"
2022/10/05 08:46:39 [error] 30#30: *601 FastCGI sent in stderr: "PHP message: PHP Parse error:  syntax error, unexpected ',' in /var/www/html/backend/config/web.php on line 118" while reading response header from upstream, client: 172.18.0.1, server: cms.yii2.local, request: "GET / HTTP/1.1", upstream: "fastcgi://172.18.0.5:9000", host: "backend.yii2-starter-kit.localhost"
2022/10/06 07:30:25 [error] 31#31: *352 FastCGI sent in stderr: "PHP message: An Error occurred while handling another error:
yii\web\ForbiddenHttpException: You are not allowed to perform this action. in /var/www/html/vendor/yiisoft/yii2/filters/AccessControl.php:160
Stack trace:
#0 /var/www/html/vendor/yiisoft/yii2/filters/AccessControl.php(133): yii\filters\AccessControl->denyAccess(Object(yii\web\User))
#1 /var/www/html/vendor/yiisoft/yii2/base/ActionFilter.php(77): yii\filters\AccessControl->beforeAction(Object(yii\web\ErrorAction))
#2 [internal function]: yii\base\ActionFilter->beforeFilter(Object(yii\base\ActionEvent))
#3 /var/www/html/vendor/yiisoft/yii2/base/Component.php" while reading upstream, client: 172.18.0.1, server: cms.yii2.local, request: "GET /hello_rbac/occho/ahihi HTTP/1.1", upstream: "fastcgi://172.18.0.4:9000", host: "yii2-starter-kit.localhost"
2022/10/06 07:30:25 [error] 31#31: *352 FastCGI sent in stderr: "(633): call_user_func(Array, Object(yii\base\ActionEvent))
#4 /var/www/html/vendor/yiisoft/yii2/base/Controller.php(297): yii\base\Component->trigger('beforeAction', Object(yii\base\ActionEvent))
#5 /var/www/html/vendor/yiisoft/yii2/web/Controller.php(218): yii\base\Controller->beforeAction(Object(yii\web\ErrorAction))
#6 /var/www/html/backend/controllers/SiteController.php(28): yii\we" while reading upstream, client: 172.18.0.1, server: cms.yii2.local, request: "GET /hello_rbac/occho/ahihi HTTP/1.1", upstream: "fastcgi://172.18.0.4:9000", host: "yii2-starter-kit.localhost"
2022/10/06 07:30:27 [error] 31#31: *352 FastCGI sent in stderr: "PHP message: An Error occurred while handling another error:
yii\web\ForbiddenHttpException: You are not allowed to perform this action. in /var/www/html/vendor/yiisoft/yii2/filters/AccessControl.php:160
Stack trace:
#0 /var/www/html/vendor/yiisoft/yii2/filters/AccessControl.php(133): yii\filters\AccessControl->denyAccess(Object(yii\web\User))
#1 /var/www/html/vendor/yiisoft/yii2/base/ActionFilter.php(77): yii\filters\AccessControl->beforeAction(Object(yii\web\ErrorAction))
#2 [internal function]: yii\base\ActionFilter->beforeFilter(Object(yii\base\ActionEvent))
#3 /var/www/html/vendor/yiisoft/yii2/base/Component.php" while reading upstream, client: 172.18.0.1, server: cms.yii2.local, request: "GET /hello_rbac/occho/ahihi HTTP/1.1", upstream: "fastcgi://172.18.0.4:9000", host: "yii2-starter-kit.localhost"
2022/10/06 07:30:27 [error] 31#31: *352 FastCGI sent in stderr: "(633): call_user_func(Array, Object(yii\base\ActionEvent))
#4 /var/www/html/vendor/yiisoft/yii2/base/Controller.php(297): yii\base\Component->trigger('beforeAction', Object(yii\base\ActionEvent))
#5 /var/www/html/vendor/yiisoft/yii2/web/Controller.php(218): yii\base\Controller->beforeAction(Object(yii\web\ErrorAction))
#6 /var/www/html/backend/controllers/SiteController.php(28): yii\we" while reading upstream, client: 172.18.0.1, server: cms.yii2.local, request: "GET /hello_rbac/occho/ahihi HTTP/1.1", upstream: "fastcgi://172.18.0.4:9000", host: "yii2-starter-kit.localhost"
2022/10/06 07:30:32 [error] 31#31: *355 FastCGI sent in stderr: "PHP message: An Error occurred while handling another error:
yii\web\ForbiddenHttpException: You are not allowed to perform this action. in /var/www/html/vendor/yiisoft/yii2/filters/AccessControl.php:160
Stack trace:
#0 /var/www/html/vendor/yiisoft/yii2/filters/AccessControl.php(133): yii\filters\AccessControl->denyAccess(Object(yii\web\User))
#1 /var/www/html/vendor/yiisoft/yii2/base/ActionFilter.php(77): yii\filters\AccessControl->beforeAction(Object(yii\web\ErrorAction))
#2 [internal function]: yii\base\ActionFilter->beforeFilter(Object(yii\base\ActionEvent))
#3 /var/www/html/vendor/yiisoft/yii2/base/Component.php" while reading upstream, client: 172.18.0.1, server: cms.yii2.local, request: "GET /hello_rbac/occho/ahihi HTTP/1.1", upstream: "fastcgi://172.18.0.4:9000", host: "backend.yii2-starter-kit.localhost"
2022/10/06 07:30:32 [error] 31#31: *355 FastCGI sent in stderr: "(633): call_user_func(Array, Object(yii\base\ActionEvent))
#4 /var/www/html/vendor/yiisoft/yii2/base/Controller.php(297): yii\base\Component->trigger('beforeAction', Object(yii\base\ActionEvent))
#5 /var/www/html/vendor/yiisoft/yii2/web/Controller.php(218): yii\base\Controller->beforeAction(Object(yii\web\ErrorAction))
#6 /var/www/html/backend/controllers/SiteController.php(28): yii\we" while reading upstream, client: 172.18.0.1, server: cms.yii2.local, request: "GET /hello_rbac/occho/ahihi HTTP/1.1", upstream: "fastcgi://172.18.0.4:9000", host: "backend.yii2-starter-kit.localhost"
2022/10/10 07:01:50 [error] 32#32: *75 FastCGI sent in stderr: "Primary script unknown" while reading response header from upstream, client: 172.18.0.1, server: cms.yii2.local, request: "GET /cached.php?t=1639034403&f=/fonts/Fira/fira.css HTTP/1.1", upstream: "fastcgi://172.18.0.3:9000", host: "yii2-starter-kit.localhost", referrer: "http://yii2-starter-kit.localhost/hello/hi/occho"
2022/10/10 07:01:50 [error] 31#31: *78 FastCGI sent in stderr: "Primary script unknown" while reading response header from upstream, client: 172.18.0.1, server: cms.yii2.local, request: "GET /cached.php?t=1539765004&f=/fonts/Font-Awesome/css/fontello.css HTTP/1.1", upstream: "fastcgi://172.18.0.3:9000", host: "yii2-starter-kit.localhost", referrer: "http://yii2-starter-kit.localhost/hello/hi/occho"
2022/10/10 07:01:50 [error] 31#31: *79 FastCGI sent in stderr: "Primary script unknown" while reading response header from upstream, client: 172.18.0.1, server: cms.yii2.local, request: "GET /cached.php?t=1662054602&f=/styles/theme-base.css HTTP/1.1", upstream: "fastcgi://172.18.0.3:9000", host: "yii2-starter-kit.localhost", referrer: "http://yii2-starter-kit.localhost/hello/hi/occho"
2022/10/10 07:01:50 [error] 31#31: *80 FastCGI sent in stderr: "Primary script unknown" while reading response header from upstream, client: 172.18.0.1, server: cms.yii2.local, request: "GET /cached.php?t=1662054602&f=/styles/theme-medium.css HTTP/1.1", upstream: "fastcgi://172.18.0.3:9000", host: "yii2-starter-kit.localhost", referrer: "http://yii2-starter-kit.localhost/hello/hi/occho"
2022/10/12 06:58:15 [error] 30#30: *1 connect() failed (111: Connection refused) while connecting to upstream, client: 172.18.0.1, server: cms.yii2.local, request: "GET /hello/hi/occho HTTP/1.1", upstream: "fastcgi://172.18.0.5:9000", host: "yii2-starter-kit.localhost"
2022/10/17 05:41:00 [error] 30#30: *74 FastCGI sent in stderr: "PHP message: PHP Fatal error:  Cannot use backend\modules\hello\models\SlugName as SlugName because the name is already in use in /var/www/html/backend/modules/hello/actions/AhihiAction.php on line 17" while reading response header from upstream, client: 172.18.0.1, server: cms.yii2.local, request: "GET /hello/hi/dongoc HTTP/1.1", upstream: "fastcgi://172.18.0.3:9000", host: "backend.yii2-starter-kit.localhost"
