2022/08/04 07:25:15 [notice] 1#1: using the "epoll" event method
2022/08/04 07:25:15 [notice] 1#1: nginx/1.23.1
2022/08/04 07:25:15 [notice] 1#1: built by gcc 10.2.1 20210110 (Debian 10.2.1-6) 
2022/08/04 07:25:15 [notice] 1#1: OS: Linux 5.15.0-43-generic
2022/08/04 07:25:15 [notice] 1#1: getrlimit(RLIMIT_NOFILE): 1048576:1048576
2022/08/04 07:25:15 [notice] 1#1: start worker processes
2022/08/04 07:25:15 [notice] 1#1: start worker process 30
2022/08/04 07:25:15 [notice] 1#1: start worker process 31
2022/08/04 07:53:17 [notice] 1#1: signal 3 (SIGQUIT) received, shutting down
2022/08/04 07:53:17 [notice] 30#30: gracefully shutting down
2022/08/04 07:53:17 [notice] 30#30: exiting
2022/08/04 07:53:17 [notice] 30#30: exit
2022/08/04 07:53:17 [notice] 31#31: gracefully shutting down
2022/08/04 07:53:17 [notice] 31#31: exiting
2022/08/04 07:53:17 [notice] 31#31: exit
2022/08/04 07:53:17 [notice] 1#1: signal 17 (SIGCHLD) received from 30
2022/08/04 07:53:17 [notice] 1#1: worker process 30 exited with code 0
2022/08/04 07:53:17 [notice] 1#1: signal 29 (SIGIO) received
2022/08/04 07:53:17 [notice] 1#1: signal 17 (SIGCHLD) received from 31
2022/08/04 07:53:17 [notice] 1#1: worker process 31 exited with code 0
2022/08/04 07:53:17 [notice] 1#1: exit
2022/08/04 07:53:43 [notice] 1#1: using the "epoll" event method
2022/08/04 07:53:43 [notice] 1#1: nginx/1.23.1
2022/08/04 07:53:43 [notice] 1#1: built by gcc 10.2.1 20210110 (Debian 10.2.1-6) 
2022/08/04 07:53:43 [notice] 1#1: OS: Linux 5.15.0-43-generic
2022/08/04 07:53:43 [notice] 1#1: getrlimit(RLIMIT_NOFILE): 1048576:1048576
2022/08/04 07:53:43 [notice] 1#1: start worker processes
2022/08/04 07:53:43 [notice] 1#1: start worker process 30
2022/08/04 07:53:43 [notice] 1#1: start worker process 31
2022/08/04 07:54:36 [notice] 1#1: signal 3 (SIGQUIT) received, shutting down
2022/08/04 07:54:36 [notice] 31#31: gracefully shutting down
2022/08/04 07:54:36 [notice] 31#31: exiting
2022/08/04 07:54:36 [notice] 31#31: exit
2022/08/04 07:54:36 [notice] 30#30: gracefully shutting down
2022/08/04 07:54:36 [notice] 30#30: exiting
2022/08/04 07:54:36 [notice] 30#30: exit
2022/08/04 07:54:36 [notice] 1#1: signal 17 (SIGCHLD) received from 31
2022/08/04 07:54:36 [notice] 1#1: worker process 31 exited with code 0
2022/08/04 07:54:36 [notice] 1#1: signal 29 (SIGIO) received
2022/08/04 07:54:36 [notice] 1#1: signal 17 (SIGCHLD) received from 30
2022/08/04 07:54:36 [notice] 1#1: worker process 30 exited with code 0
2022/08/04 07:54:36 [notice] 1#1: exit
2022/08/04 07:57:35 [notice] 1#1: using the "epoll" event method
2022/08/04 07:57:35 [notice] 1#1: nginx/1.23.1
2022/08/04 07:57:35 [notice] 1#1: built by gcc 10.2.1 20210110 (Debian 10.2.1-6) 
2022/08/04 07:57:35 [notice] 1#1: OS: Linux 5.15.0-43-generic
2022/08/04 07:57:35 [notice] 1#1: getrlimit(RLIMIT_NOFILE): 1048576:1048576
2022/08/04 07:57:35 [notice] 1#1: start worker processes
2022/08/04 07:57:35 [notice] 1#1: start worker process 30
2022/08/04 07:57:35 [notice] 1#1: start worker process 31
2022/08/04 10:38:15 [notice] 1#1: signal 3 (SIGQUIT) received, shutting down
2022/08/04 10:38:15 [notice] 31#31: gracefully shutting down
2022/08/04 10:38:15 [notice] 31#31: exiting
2022/08/04 10:38:15 [notice] 31#31: exit
2022/08/04 10:38:15 [notice] 30#30: gracefully shutting down
2022/08/04 10:38:15 [notice] 30#30: exiting
2022/08/04 10:38:15 [notice] 30#30: exit
2022/08/04 10:38:15 [notice] 1#1: signal 17 (SIGCHLD) received from 30
2022/08/04 10:38:15 [notice] 1#1: worker process 30 exited with code 0
2022/08/04 10:38:15 [notice] 1#1: signal 29 (SIGIO) received
2022/08/04 10:38:15 [notice] 1#1: signal 17 (SIGCHLD) received from 31
2022/08/04 10:38:15 [notice] 1#1: worker process 31 exited with code 0
2022/08/04 10:38:15 [notice] 1#1: exit
2022/08/05 01:46:42 [notice] 1#1: using the "epoll" event method
2022/08/05 01:46:42 [notice] 1#1: nginx/1.23.1
2022/08/05 01:46:42 [notice] 1#1: built by gcc 10.2.1 20210110 (Debian 10.2.1-6) 
2022/08/05 01:46:42 [notice] 1#1: OS: Linux 5.15.0-43-generic
2022/08/05 01:46:42 [notice] 1#1: getrlimit(RLIMIT_NOFILE): 1048576:1048576
2022/08/05 01:46:42 [notice] 1#1: start worker processes
2022/08/05 01:46:42 [notice] 1#1: start worker process 30
2022/08/05 01:46:42 [notice] 1#1: start worker process 31
2022/08/07 08:30:40 [emerg] 1#1: host not found in upstream "docker_php" in /etc/nginx/conf.d/default.conf:33
2022/08/07 08:43:04 [notice] 1#1: using the "epoll" event method
2022/08/07 08:43:04 [notice] 1#1: nginx/1.23.1
2022/08/07 08:43:04 [notice] 1#1: built by gcc 10.2.1 20210110 (Debian 10.2.1-6) 
2022/08/07 08:43:04 [notice] 1#1: OS: Linux 5.15.0-43-generic
2022/08/07 08:43:04 [notice] 1#1: getrlimit(RLIMIT_NOFILE): 1048576:1048576
2022/08/07 08:43:04 [notice] 1#1: start worker processes
2022/08/07 08:43:04 [notice] 1#1: start worker process 30
2022/08/07 08:43:04 [notice] 1#1: start worker process 31
2022/08/08 01:34:56 [emerg] 1#1: host not found in upstream "docker_php" in /etc/nginx/conf.d/default.conf:33
2022/08/08 01:35:30 [notice] 1#1: using the "epoll" event method
2022/08/08 01:35:30 [notice] 1#1: nginx/1.23.1
2022/08/08 01:35:30 [notice] 1#1: built by gcc 10.2.1 20210110 (Debian 10.2.1-6) 
2022/08/08 01:35:30 [notice] 1#1: OS: Linux 5.15.0-43-generic
2022/08/08 01:35:30 [notice] 1#1: getrlimit(RLIMIT_NOFILE): 1048576:1048576
2022/08/08 01:35:30 [notice] 1#1: start worker processes
2022/08/08 01:35:30 [notice] 1#1: start worker process 31
2022/08/08 01:35:30 [notice] 1#1: start worker process 32
2022/08/08 21:39:28 [notice] 1#1: using the "epoll" event method
2022/08/08 21:39:28 [notice] 1#1: nginx/1.23.1
2022/08/08 21:39:28 [notice] 1#1: built by gcc 10.2.1 20210110 (Debian 10.2.1-6) 
2022/08/08 21:39:28 [notice] 1#1: OS: Linux 5.15.0-43-generic
2022/08/08 21:39:28 [notice] 1#1: getrlimit(RLIMIT_NOFILE): 1048576:1048576
2022/08/08 21:39:28 [notice] 1#1: start worker processes
2022/08/08 21:39:28 [notice] 1#1: start worker process 30
2022/08/08 21:39:28 [notice] 1#1: start worker process 31
2022/08/09 00:56:55 [notice] 1#1: using the "epoll" event method
2022/08/09 00:56:55 [notice] 1#1: nginx/1.23.1
2022/08/09 00:56:55 [notice] 1#1: built by gcc 10.2.1 20210110 (Debian 10.2.1-6) 
2022/08/09 00:56:55 [notice] 1#1: OS: Linux 5.15.0-43-generic
2022/08/09 00:56:55 [notice] 1#1: getrlimit(RLIMIT_NOFILE): 1048576:1048576
2022/08/09 00:56:55 [notice] 1#1: start worker processes
2022/08/09 00:56:55 [notice] 1#1: start worker process 31
2022/08/09 00:56:55 [notice] 1#1: start worker process 32
2022/08/09 12:24:13 [notice] 1#1: using the "epoll" event method
2022/08/09 12:24:13 [notice] 1#1: nginx/1.23.1
2022/08/09 12:24:13 [notice] 1#1: built by gcc 10.2.1 20210110 (Debian 10.2.1-6) 
2022/08/09 12:24:13 [notice] 1#1: OS: Linux 5.15.0-43-generic
2022/08/09 12:24:13 [notice] 1#1: getrlimit(RLIMIT_NOFILE): 1048576:1048576
2022/08/09 12:24:13 [notice] 1#1: start worker processes
2022/08/09 12:24:13 [notice] 1#1: start worker process 30
2022/08/09 12:24:13 [notice] 1#1: start worker process 31
2022/08/09 22:00:01 [notice] 1#1: using the "epoll" event method
2022/08/09 22:00:01 [notice] 1#1: nginx/1.23.1
2022/08/09 22:00:01 [notice] 1#1: built by gcc 10.2.1 20210110 (Debian 10.2.1-6) 
2022/08/09 22:00:01 [notice] 1#1: OS: Linux 5.15.0-43-generic
2022/08/09 22:00:01 [notice] 1#1: getrlimit(RLIMIT_NOFILE): 1048576:1048576
2022/08/09 22:00:01 [notice] 1#1: start worker processes
2022/08/09 22:00:01 [notice] 1#1: start worker process 30
2022/08/09 22:00:01 [notice] 1#1: start worker process 31
2022/08/10 01:23:07 [notice] 1#1: using the "epoll" event method
2022/08/10 01:23:07 [notice] 1#1: nginx/1.23.1
2022/08/10 01:23:07 [notice] 1#1: built by gcc 10.2.1 20210110 (Debian 10.2.1-6) 
2022/08/10 01:23:07 [notice] 1#1: OS: Linux 5.15.0-43-generic
2022/08/10 01:23:07 [notice] 1#1: getrlimit(RLIMIT_NOFILE): 1048576:1048576
2022/08/10 01:23:07 [notice] 1#1: start worker processes
2022/08/10 01:23:07 [notice] 1#1: start worker process 30
2022/08/10 01:23:07 [notice] 1#1: start worker process 31
2022/08/10 01:47:33 [notice] 1#1: signal 3 (SIGQUIT) received, shutting down
2022/08/10 01:47:33 [notice] 30#30: gracefully shutting down
2022/08/10 01:47:33 [notice] 31#31: gracefully shutting down
2022/08/10 01:47:33 [notice] 31#31: exiting
2022/08/10 01:47:33 [notice] 30#30: exiting
2022/08/10 01:47:33 [notice] 31#31: exit
2022/08/10 01:47:33 [notice] 30#30: exit
2022/08/10 01:47:33 [notice] 1#1: signal 17 (SIGCHLD) received from 30
2022/08/10 01:47:33 [notice] 1#1: worker process 30 exited with code 0
2022/08/10 01:47:33 [notice] 1#1: signal 29 (SIGIO) received
2022/08/10 01:47:33 [notice] 1#1: signal 17 (SIGCHLD) received from 31
2022/08/10 01:47:33 [notice] 1#1: worker process 31 exited with code 0
2022/08/10 01:47:33 [notice] 1#1: exit
2022/08/10 02:10:00 [notice] 1#1: using the "epoll" event method
2022/08/10 02:10:00 [notice] 1#1: nginx/1.23.1
2022/08/10 02:10:00 [notice] 1#1: built by gcc 10.2.1 20210110 (Debian 10.2.1-6) 
2022/08/10 02:10:00 [notice] 1#1: OS: Linux 5.15.0-43-generic
2022/08/10 02:10:00 [notice] 1#1: getrlimit(RLIMIT_NOFILE): 1048576:1048576
2022/08/10 02:10:00 [notice] 1#1: start worker processes
2022/08/10 02:10:00 [notice] 1#1: start worker process 30
2022/08/10 02:10:00 [notice] 1#1: start worker process 31
2022/08/10 19:54:59 [emerg] 1#1: host not found in upstream "docker_php" in /etc/nginx/conf.d/default.conf:33
2022/08/10 19:57:58 [notice] 1#1: using the "epoll" event method
2022/08/10 19:57:58 [notice] 1#1: nginx/1.23.1
2022/08/10 19:57:58 [notice] 1#1: built by gcc 10.2.1 20210110 (Debian 10.2.1-6) 
2022/08/10 19:57:58 [notice] 1#1: OS: Linux 5.15.0-43-generic
2022/08/10 19:57:58 [notice] 1#1: getrlimit(RLIMIT_NOFILE): 1048576:1048576
2022/08/10 19:57:58 [notice] 1#1: start worker processes
2022/08/10 19:57:58 [notice] 1#1: start worker process 30
2022/08/10 19:57:58 [notice] 1#1: start worker process 31
2022/08/10 22:20:09 [notice] 1#1: signal 3 (SIGQUIT) received, shutting down
2022/08/10 22:20:09 [notice] 31#31: gracefully shutting down
2022/08/10 22:20:09 [notice] 31#31: exiting
2022/08/10 22:20:09 [notice] 31#31: exit
2022/08/10 22:20:09 [notice] 30#30: gracefully shutting down
2022/08/10 22:20:09 [notice] 30#30: exiting
2022/08/10 22:20:09 [notice] 30#30: exit
2022/08/10 22:20:09 [notice] 1#1: signal 17 (SIGCHLD) received from 31
2022/08/10 22:20:09 [notice] 1#1: worker process 31 exited with code 0
2022/08/10 22:20:09 [notice] 1#1: signal 29 (SIGIO) received
2022/08/10 22:20:09 [notice] 1#1: signal 17 (SIGCHLD) received from 30
2022/08/10 22:20:09 [notice] 1#1: worker process 30 exited with code 0
2022/08/10 22:20:09 [notice] 1#1: exit
2022/08/11 01:36:03 [notice] 1#1: using the "epoll" event method
2022/08/11 01:36:03 [notice] 1#1: nginx/1.23.1
2022/08/11 01:36:03 [notice] 1#1: built by gcc 10.2.1 20210110 (Debian 10.2.1-6) 
2022/08/11 01:36:03 [notice] 1#1: OS: Linux 5.15.0-46-generic
2022/08/11 01:36:03 [notice] 1#1: getrlimit(RLIMIT_NOFILE): 1048576:1048576
2022/08/11 01:36:03 [notice] 1#1: start worker processes
2022/08/11 01:36:03 [notice] 1#1: start worker process 29
2022/08/11 01:36:03 [notice] 1#1: start worker process 30
2022/08/11 06:37:29 [emerg] 1#1: host not found in upstream "docker_php" in /etc/nginx/conf.d/default.conf:33
2022/08/11 06:37:59 [notice] 1#1: using the "epoll" event method
2022/08/11 06:37:59 [notice] 1#1: nginx/1.23.1
2022/08/11 06:37:59 [notice] 1#1: built by gcc 10.2.1 20210110 (Debian 10.2.1-6) 
2022/08/11 06:37:59 [notice] 1#1: OS: Linux 5.15.0-46-generic
2022/08/11 06:37:59 [notice] 1#1: getrlimit(RLIMIT_NOFILE): 1048576:1048576
2022/08/11 06:37:59 [notice] 1#1: start worker processes
2022/08/11 06:37:59 [notice] 1#1: start worker process 30
2022/08/11 06:37:59 [notice] 1#1: start worker process 31
2022/08/11 07:43:13 [notice] 1#1: signal 3 (SIGQUIT) received, shutting down
2022/08/11 07:43:13 [notice] 31#31: gracefully shutting down
2022/08/11 07:43:13 [notice] 30#30: gracefully shutting down
2022/08/11 07:43:13 [notice] 31#31: exiting
2022/08/11 07:43:13 [notice] 30#30: exiting
2022/08/11 07:43:13 [notice] 31#31: exit
2022/08/11 07:43:13 [notice] 30#30: exit
2022/08/11 07:43:13 [notice] 1#1: signal 17 (SIGCHLD) received from 30
2022/08/11 07:43:13 [notice] 1#1: worker process 30 exited with code 0
2022/08/11 07:43:13 [notice] 1#1: signal 29 (SIGIO) received
2022/08/11 07:43:13 [notice] 1#1: signal 17 (SIGCHLD) received from 31
2022/08/11 07:43:13 [notice] 1#1: worker process 31 exited with code 0
2022/08/11 07:43:13 [notice] 1#1: exit
2022/08/11 08:14:33 [notice] 1#1: using the "epoll" event method
2022/08/11 08:14:33 [notice] 1#1: nginx/1.23.1
2022/08/11 08:14:33 [notice] 1#1: built by gcc 10.2.1 20210110 (Debian 10.2.1-6) 
2022/08/11 08:14:33 [notice] 1#1: OS: Linux 5.15.0-46-generic
2022/08/11 08:14:33 [notice] 1#1: getrlimit(RLIMIT_NOFILE): 1048576:1048576
2022/08/11 08:14:33 [notice] 1#1: start worker processes
2022/08/11 08:14:33 [notice] 1#1: start worker process 30
2022/08/11 08:14:33 [notice] 1#1: start worker process 31
2022/08/11 08:20:38 [notice] 1#1: signal 3 (SIGQUIT) received, shutting down
2022/08/11 08:20:38 [notice] 30#30: gracefully shutting down
2022/08/11 08:20:38 [notice] 30#30: exiting
2022/08/11 08:20:38 [notice] 30#30: exit
2022/08/11 08:20:38 [notice] 31#31: gracefully shutting down
2022/08/11 08:20:38 [notice] 31#31: exiting
2022/08/11 08:20:38 [notice] 31#31: exit
2022/08/11 08:20:38 [notice] 1#1: signal 17 (SIGCHLD) received from 30
2022/08/11 08:20:38 [notice] 1#1: worker process 30 exited with code 0
2022/08/11 08:20:38 [notice] 1#1: worker process 31 exited with code 0
2022/08/11 08:20:38 [notice] 1#1: exit
2022/08/11 08:30:45 [notice] 1#1: using the "epoll" event method
2022/08/11 08:30:45 [notice] 1#1: nginx/1.23.1
2022/08/11 08:30:45 [notice] 1#1: built by gcc 10.2.1 20210110 (Debian 10.2.1-6) 
2022/08/11 08:30:45 [notice] 1#1: OS: Linux 5.15.0-46-generic
2022/08/11 08:30:45 [notice] 1#1: getrlimit(RLIMIT_NOFILE): 1048576:1048576
2022/08/11 08:30:45 [notice] 1#1: start worker processes
2022/08/11 08:30:45 [notice] 1#1: start worker process 30
2022/08/11 08:30:45 [notice] 1#1: start worker process 31
2022/08/12 01:07:55 [emerg] 1#1: host not found in upstream "docker_php" in /etc/nginx/conf.d/default.conf:33
2022/08/12 07:16:03 [notice] 1#1: using the "epoll" event method
2022/08/12 07:16:03 [notice] 1#1: nginx/1.23.1
2022/08/12 07:16:03 [notice] 1#1: built by gcc 10.2.1 20210110 (Debian 10.2.1-6) 
2022/08/12 07:16:03 [notice] 1#1: OS: Linux 5.15.0-46-generic
2022/08/12 07:16:03 [notice] 1#1: getrlimit(RLIMIT_NOFILE): 1048576:1048576
2022/08/12 07:16:03 [notice] 1#1: start worker processes
2022/08/12 07:16:03 [notice] 1#1: start worker process 30
2022/08/12 07:16:03 [notice] 1#1: start worker process 31
2022/08/14 12:54:30 [notice] 1#1: using the "epoll" event method
2022/08/14 12:54:30 [notice] 1#1: nginx/1.23.1
2022/08/14 12:54:30 [notice] 1#1: built by gcc 10.2.1 20210110 (Debian 10.2.1-6) 
2022/08/14 12:54:30 [notice] 1#1: OS: Linux 5.15.0-46-generic
2022/08/14 12:54:30 [notice] 1#1: getrlimit(RLIMIT_NOFILE): 1048576:1048576
2022/08/14 12:54:30 [notice] 1#1: start worker processes
2022/08/14 12:54:30 [notice] 1#1: start worker process 29
2022/08/14 12:54:30 [notice] 1#1: start worker process 30
2022/08/14 17:39:52 [notice] 1#1: using the "epoll" event method
2022/08/14 17:39:52 [notice] 1#1: nginx/1.23.1
2022/08/14 17:39:52 [notice] 1#1: built by gcc 10.2.1 20210110 (Debian 10.2.1-6) 
2022/08/14 17:39:52 [notice] 1#1: OS: Linux 5.15.0-46-generic
2022/08/14 17:39:52 [notice] 1#1: getrlimit(RLIMIT_NOFILE): 1048576:1048576
2022/08/14 17:39:52 [notice] 1#1: start worker processes
2022/08/14 17:39:52 [notice] 1#1: start worker process 30
2022/08/14 17:39:52 [notice] 1#1: start worker process 31
2022/08/15 01:25:11 [notice] 1#1: using the "epoll" event method
2022/08/15 01:25:11 [notice] 1#1: nginx/1.23.1
2022/08/15 01:25:11 [notice] 1#1: built by gcc 10.2.1 20210110 (Debian 10.2.1-6) 
2022/08/15 01:25:11 [notice] 1#1: OS: Linux 5.15.0-46-generic
2022/08/15 01:25:11 [notice] 1#1: getrlimit(RLIMIT_NOFILE): 1048576:1048576
2022/08/15 01:25:11 [notice] 1#1: start worker processes
2022/08/15 01:25:11 [notice] 1#1: start worker process 30
2022/08/15 01:25:11 [notice] 1#1: start worker process 31
2022/08/15 10:34:18 [notice] 1#1: signal 3 (SIGQUIT) received, shutting down
2022/08/15 10:34:18 [notice] 31#31: gracefully shutting down
2022/08/15 10:34:18 [notice] 30#30: gracefully shutting down
2022/08/15 10:34:18 [notice] 30#30: exiting
2022/08/15 10:34:18 [notice] 30#30: exit
2022/08/15 10:34:18 [notice] 31#31: exiting
2022/08/15 10:34:18 [notice] 31#31: exit
2022/08/15 10:34:18 [notice] 1#1: signal 17 (SIGCHLD) received from 31
2022/08/15 10:34:18 [notice] 1#1: worker process 31 exited with code 0
2022/08/15 10:34:18 [notice] 1#1: signal 29 (SIGIO) received
2022/08/15 10:34:18 [notice] 1#1: signal 17 (SIGCHLD) received from 30
2022/08/15 10:34:18 [notice] 1#1: worker process 30 exited with code 0
2022/08/15 10:34:18 [notice] 1#1: exit
2022/08/16 01:35:58 [emerg] 1#1: host not found in upstream "docker_php" in /etc/nginx/conf.d/default.conf:33
2022/08/16 02:37:56 [notice] 1#1: using the "epoll" event method
2022/08/16 02:37:56 [notice] 1#1: nginx/1.23.1
2022/08/16 02:37:56 [notice] 1#1: built by gcc 10.2.1 20210110 (Debian 10.2.1-6) 
2022/08/16 02:37:56 [notice] 1#1: OS: Linux 5.15.0-46-generic
2022/08/16 02:37:56 [notice] 1#1: getrlimit(RLIMIT_NOFILE): 1048576:1048576
2022/08/16 02:37:56 [notice] 1#1: start worker processes
2022/08/16 02:37:56 [notice] 1#1: start worker process 30
2022/08/16 02:37:56 [notice] 1#1: start worker process 31
2022/08/16 03:23:22 [notice] 1#1: signal 3 (SIGQUIT) received, shutting down
2022/08/16 03:23:22 [notice] 30#30: gracefully shutting down
2022/08/16 03:23:22 [notice] 31#31: gracefully shutting down
2022/08/16 03:23:22 [notice] 30#30: exiting
2022/08/16 03:23:22 [notice] 30#30: exit
2022/08/16 03:23:22 [notice] 31#31: exiting
2022/08/16 03:23:22 [notice] 31#31: exit
2022/08/16 03:23:22 [notice] 1#1: signal 17 (SIGCHLD) received from 30
2022/08/16 03:23:22 [notice] 1#1: worker process 30 exited with code 0
2022/08/16 03:23:22 [notice] 1#1: signal 29 (SIGIO) received
2022/08/16 03:23:22 [notice] 1#1: signal 17 (SIGCHLD) received from 31
2022/08/16 03:23:22 [notice] 1#1: worker process 31 exited with code 0
2022/08/16 03:23:22 [notice] 1#1: exit
2022/08/16 03:39:56 [notice] 1#1: using the "epoll" event method
2022/08/16 03:39:56 [notice] 1#1: nginx/1.23.1
2022/08/16 03:39:56 [notice] 1#1: built by gcc 10.2.1 20210110 (Debian 10.2.1-6) 
2022/08/16 03:39:56 [notice] 1#1: OS: Linux 5.15.0-46-generic
2022/08/16 03:39:56 [notice] 1#1: getrlimit(RLIMIT_NOFILE): 1048576:1048576
2022/08/16 03:39:56 [notice] 1#1: start worker processes
2022/08/16 03:39:56 [notice] 1#1: start worker process 30
2022/08/16 03:39:56 [notice] 1#1: start worker process 31
2022/08/16 07:05:52 [notice] 1#1: signal 3 (SIGQUIT) received, shutting down
2022/08/16 07:05:52 [notice] 30#30: gracefully shutting down
2022/08/16 07:05:52 [notice] 30#30: exiting
2022/08/16 07:05:52 [notice] 31#31: gracefully shutting down
2022/08/16 07:05:52 [notice] 31#31: exiting
2022/08/16 07:05:52 [notice] 30#30: exit
2022/08/16 07:05:52 [notice] 31#31: exit
2022/08/16 07:05:52 [notice] 1#1: signal 17 (SIGCHLD) received from 31
2022/08/16 07:05:52 [notice] 1#1: worker process 31 exited with code 0
2022/08/16 07:05:52 [notice] 1#1: signal 29 (SIGIO) received
2022/08/16 07:05:52 [notice] 1#1: signal 17 (SIGCHLD) received from 30
2022/08/16 07:05:52 [notice] 1#1: worker process 30 exited with code 0
2022/08/16 07:05:52 [notice] 1#1: exit
2022/08/16 08:05:04 [notice] 1#1: using the "epoll" event method
2022/08/16 08:05:04 [notice] 1#1: nginx/1.23.1
2022/08/16 08:05:04 [notice] 1#1: built by gcc 10.2.1 20210110 (Debian 10.2.1-6) 
2022/08/16 08:05:04 [notice] 1#1: OS: Linux 5.15.0-46-generic
2022/08/16 08:05:04 [notice] 1#1: getrlimit(RLIMIT_NOFILE): 1048576:1048576
2022/08/16 08:05:04 [notice] 1#1: start worker processes
2022/08/16 08:05:04 [notice] 1#1: start worker process 30
2022/08/16 08:05:04 [notice] 1#1: start worker process 31
2022/08/16 10:20:06 [notice] 1#1: signal 3 (SIGQUIT) received, shutting down
2022/08/16 10:20:06 [notice] 30#30: gracefully shutting down
2022/08/16 10:20:06 [notice] 30#30: exiting
2022/08/16 10:20:06 [notice] 30#30: exit
2022/08/16 10:20:06 [notice] 31#31: gracefully shutting down
2022/08/16 10:20:06 [notice] 31#31: exiting
2022/08/16 10:20:06 [notice] 31#31: exit
2022/08/16 10:20:06 [notice] 1#1: signal 17 (SIGCHLD) received from 30
2022/08/16 10:20:06 [notice] 1#1: worker process 30 exited with code 0
2022/08/16 10:20:06 [notice] 1#1: signal 29 (SIGIO) received
2022/08/16 10:20:06 [notice] 1#1: signal 17 (SIGCHLD) received from 31
2022/08/16 10:20:06 [notice] 1#1: worker process 31 exited with code 0
2022/08/16 10:20:06 [notice] 1#1: exit
2022/08/17 01:41:43 [notice] 1#1: using the "epoll" event method
2022/08/17 01:41:43 [notice] 1#1: nginx/1.23.1
2022/08/17 01:41:43 [notice] 1#1: built by gcc 10.2.1 20210110 (Debian 10.2.1-6) 
2022/08/17 01:41:43 [notice] 1#1: OS: Linux 5.15.0-46-generic
2022/08/17 01:41:43 [notice] 1#1: getrlimit(RLIMIT_NOFILE): 1048576:1048576
2022/08/17 01:41:43 [notice] 1#1: start worker processes
2022/08/17 01:41:43 [notice] 1#1: start worker process 30
2022/08/17 01:41:43 [notice] 1#1: start worker process 31
2022/08/17 03:08:58 [notice] 1#1: using the "epoll" event method
2022/08/17 03:08:58 [notice] 1#1: nginx/1.23.1
2022/08/17 03:08:58 [notice] 1#1: built by gcc 10.2.1 20210110 (Debian 10.2.1-6) 
2022/08/17 03:08:58 [notice] 1#1: OS: Linux 5.15.0-46-generic
2022/08/17 03:08:58 [notice] 1#1: getrlimit(RLIMIT_NOFILE): 1048576:1048576
2022/08/17 03:08:58 [notice] 1#1: start worker processes
2022/08/17 03:08:58 [notice] 1#1: start worker process 30
2022/08/17 03:08:58 [notice] 1#1: start worker process 31
2022/08/17 10:01:34 [notice] 1#1: signal 3 (SIGQUIT) received, shutting down
2022/08/17 10:01:34 [notice] 30#30: gracefully shutting down
2022/08/17 10:01:34 [notice] 30#30: exiting
2022/08/17 10:01:34 [notice] 30#30: exit
2022/08/17 10:01:34 [notice] 31#31: gracefully shutting down
2022/08/17 10:01:34 [notice] 31#31: exiting
2022/08/17 10:01:34 [notice] 31#31: exit
2022/08/17 10:01:34 [notice] 1#1: signal 17 (SIGCHLD) received from 31
2022/08/17 10:01:34 [notice] 1#1: worker process 31 exited with code 0
2022/08/17 10:01:34 [notice] 1#1: signal 29 (SIGIO) received
2022/08/17 10:01:34 [notice] 1#1: signal 17 (SIGCHLD) received from 30
2022/08/17 10:01:34 [notice] 1#1: worker process 30 exited with code 0
2022/08/17 10:01:34 [notice] 1#1: exit
2022/08/17 21:23:14 [notice] 1#1: using the "epoll" event method
2022/08/17 21:23:14 [notice] 1#1: nginx/1.23.1
2022/08/17 21:23:14 [notice] 1#1: built by gcc 10.2.1 20210110 (Debian 10.2.1-6) 
2022/08/17 21:23:14 [notice] 1#1: OS: Linux 5.15.0-46-generic
2022/08/17 21:23:14 [notice] 1#1: getrlimit(RLIMIT_NOFILE): 1048576:1048576
2022/08/17 21:23:14 [notice] 1#1: start worker processes
2022/08/17 21:23:14 [notice] 1#1: start worker process 30
2022/08/17 21:23:14 [notice] 1#1: start worker process 31
2022/08/18 00:06:22 [notice] 1#1: signal 3 (SIGQUIT) received, shutting down
2022/08/18 00:06:22 [notice] 31#31: gracefully shutting down
2022/08/18 00:06:22 [notice] 31#31: exiting
2022/08/18 00:06:22 [notice] 31#31: exit
2022/08/18 00:06:22 [notice] 30#30: gracefully shutting down
2022/08/18 00:06:22 [notice] 30#30: exiting
2022/08/18 00:06:22 [notice] 30#30: exit
2022/08/18 00:06:22 [notice] 1#1: signal 17 (SIGCHLD) received from 31
2022/08/18 00:06:22 [notice] 1#1: worker process 31 exited with code 0
2022/08/18 00:06:22 [notice] 1#1: signal 29 (SIGIO) received
2022/08/18 00:06:22 [notice] 1#1: signal 17 (SIGCHLD) received from 30
2022/08/18 00:06:22 [notice] 1#1: worker process 30 exited with code 0
2022/08/18 00:06:22 [notice] 1#1: exit
2022/08/18 01:36:06 [notice] 1#1: using the "epoll" event method
2022/08/18 01:36:06 [notice] 1#1: nginx/1.23.1
2022/08/18 01:36:06 [notice] 1#1: built by gcc 10.2.1 20210110 (Debian 10.2.1-6) 
2022/08/18 01:36:06 [notice] 1#1: OS: Linux 5.15.0-46-generic
2022/08/18 01:36:06 [notice] 1#1: getrlimit(RLIMIT_NOFILE): 1048576:1048576
2022/08/18 01:36:06 [notice] 1#1: start worker processes
2022/08/18 01:36:06 [notice] 1#1: start worker process 30
2022/08/18 01:36:06 [notice] 1#1: start worker process 31
